
Started GET /posts for :: ::1 at Mon Jan 15 2024 18:01:40 GMT-0300 (hora de verano de Chile)
  Parameters in body: {}
Completed: 200 message:  Time response: 109 ms Request ID: [cd5177a0-baec-4012-b998-00775bb8c74f]

Started GET /posts for :: ::1 at Mon Jan 15 2024 18:01:40 GMT-0300 (hora de verano de Chile)
  Parameters in body: {}
Completed: 304 message:  Time response: 6 ms Request ID: [1d91036c-8e6a-4b41-ae6a-15b641b742b3]

Started GET /posts for :: ::1 at Mon Jan 15 2024 18:01:45 GMT-0300 (hora de verano de Chile)
  Parameters in body: {}
Completed: 304 message:  Time response: 4 ms Request ID: [aedb3d9d-286d-4a15-93a3-00fddc8d0166]

Started GET /posts for :: ::1 at Mon Jan 15 2024 18:01:45 GMT-0300 (hora de verano de Chile)
  Parameters in body: {}
Completed: 304 message:  Time response: 21 ms Request ID: [ff00c030-4965-494c-8c3c-639672c53734]

Started PUT /posts/like/24 for :: ::1 at Mon Jan 15 2024 18:01:53 GMT-0300 (hora de verano de Chile)
  Parameters in body: {}
Completed: 500 message:  Time response: 14 ms Request ID: [b07db8cf-41f8-4b9f-9725-1468148a7fff]

Started PUT /posts/like/24 for :: ::1 at Mon Jan 15 2024 18:01:53 GMT-0300 (hora de verano de Chile)
  Parameters in body: {}
Completed: 500 message:  Time response: 8 ms Request ID: [088624d6-e6ed-4cf2-91f6-d25a0001d36f]

Started PUT /posts/like/24 for :: ::1 at Mon Jan 15 2024 18:01:54 GMT-0300 (hora de verano de Chile)
  Parameters in body: {}
Completed: 500 message:  Time response: 8 ms Request ID: [716a3ab7-c8ca-4ab4-93e8-ac225ca159e9]

Started PUT /posts/like/24 for :: ::1 at Mon Jan 15 2024 18:01:54 GMT-0300 (hora de verano de Chile)
  Parameters in body: {}
Completed: 500 message:  Time response: 8 ms Request ID: [869d4ff6-9252-4a4d-a7d5-9788e60a3cae]

Started PUT /posts/like/24 for :: ::1 at Mon Jan 15 2024 18:01:54 GMT-0300 (hora de verano de Chile)
  Parameters in body: {}
Completed: 500 message:  Time response: 8 ms Request ID: [ddc8d4d6-3fc3-4b22-9566-57282aa1368f]

Started PUT /posts/like/24 for :: ::1 at Mon Jan 15 2024 18:01:54 GMT-0300 (hora de verano de Chile)
  Parameters in body: {}
Completed: 500 message:  Time response: 9 ms Request ID: [9858bd68-85da-4c9d-a592-fff2f07985bc]

Started PUT /posts/like/24 for :: ::1 at Mon Jan 15 2024 18:01:56 GMT-0300 (hora de verano de Chile)
  Parameters in body: {}
Completed: 500 message:  Time response: 8 ms Request ID: [3c9566c3-00cc-4250-8f77-dc4a64f3b4bb]

Started PUT /posts/like/24 for :: ::1 at Mon Jan 15 2024 18:02:13 GMT-0300 (hora de verano de Chile)
  Parameters in body: {}
Completed: 500 message:  Time response: 5 ms Request ID: [c4386544-0356-4d3d-8df7-68aaaa39c0d1]

Started GET /posts for :: ::1 at Mon Jan 15 2024 18:09:50 GMT-0300 (hora de verano de Chile)
  Parameters in body: {}
Completed: 304 message:  Time response: 100 ms Request ID: [bfbb9eae-77ae-4bf6-9706-ad33ba34b6db]

Started GET /posts for :: ::1 at Mon Jan 15 2024 18:09:50 GMT-0300 (hora de verano de Chile)
  Parameters in body: {}
Completed: 304 message:  Time response: 3 ms Request ID: [63aed198-ae86-4e4d-957d-8035595b7451]

Started GET /posts for :: ::1 at Mon Jan 15 2024 18:09:58 GMT-0300 (hora de verano de Chile)
  Parameters in body: {}
Completed: 304 message:  Time response: 5 ms Request ID: [f382cfd6-9874-4efa-a054-5815dfb69cab]

Started GET /posts for :: ::1 at Mon Jan 15 2024 18:09:58 GMT-0300 (hora de verano de Chile)
  Parameters in body: {}
Completed: 304 message:  Time response: 6 ms Request ID: [b4c661e3-af34-4499-ba19-d1500905ec30]

Started PUT /posts/like/24 for :: ::1 at Mon Jan 15 2024 18:10:02 GMT-0300 (hora de verano de Chile)
  Parameters in body: {}
Completed: 500 message:  Time response: 8 ms Request ID: [713d9237-2786-4f69-bcd1-916c11832be3]

Started GET /posts for :: ::1 at Mon Jan 15 2024 18:10:15 GMT-0300 (hora de verano de Chile)
  Parameters in body: {}
Completed: 304 message:  Time response: 83 ms Request ID: [ebaf445a-1ab1-4df8-9515-5e564aec7f23]

Started GET /posts for :: ::1 at Mon Jan 15 2024 18:10:15 GMT-0300 (hora de verano de Chile)
  Parameters in body: {}
Completed: 304 message:  Time response: 4 ms Request ID: [fe029e3f-d2cd-4a6e-b1da-c7a36bb70d75]

Started PUT /posts/like/24 for :: ::1 at Mon Jan 15 2024 18:10:18 GMT-0300 (hora de verano de Chile)
  Parameters in body: {}
Completed: 500 message:  Time response: 5 ms Request ID: [538d9487-feee-4d26-ad5c-f0562405816b]

Started GET /posts for :: ::1 at Mon Jan 15 2024 18:11:04 GMT-0300 (hora de verano de Chile)
  Parameters in body: {}
Completed: 304 message:  Time response: 57 ms Request ID: [3804612d-2205-4c08-9039-bbce01599d1c]

Started GET /posts for :: ::1 at Mon Jan 15 2024 18:11:04 GMT-0300 (hora de verano de Chile)
  Parameters in body: {}
Completed: 304 message:  Time response: 3 ms Request ID: [92df7d66-1e11-40fc-bbcd-fb03fb9c6bb3]

Started PUT /posts/like/13 for :: ::1 at Mon Jan 15 2024 18:11:07 GMT-0300 (hora de verano de Chile)
  Parameters in body: {}
Completed: 500 message:  Time response: 6 ms Request ID: [61a1bb06-4668-4106-b02a-fb7796bcce58]

Started PUT /posts/like/13 for :: ::1 at Mon Jan 15 2024 18:11:07 GMT-0300 (hora de verano de Chile)
  Parameters in body: {}
Completed: 500 message:  Time response: 6 ms Request ID: [3d42b08e-5547-4e2d-9a74-e6879ce2e917]

Started GET /posts for :: ::1 at Mon Jan 15 2024 18:11:09 GMT-0300 (hora de verano de Chile)
  Parameters in body: {}
Completed: 304 message:  Time response: 3 ms Request ID: [cfc6fa6b-3773-456a-bddf-2a57bed686b7]

Started GET /posts for :: ::1 at Mon Jan 15 2024 18:11:09 GMT-0300 (hora de verano de Chile)
  Parameters in body: {}
Completed: 304 message:  Time response: 5 ms Request ID: [bbe0b0d2-8b66-4030-bf97-3abb17a91616]

Started PUT /posts/like/13 for :: ::1 at Mon Jan 15 2024 18:11:20 GMT-0300 (hora de verano de Chile)
  Parameters in body: {}
Completed: 500 message:  Time response: 6 ms Request ID: [8aad76c9-8dd6-4300-b75f-f77004865561]

Started PUT /posts/like/13 for :: ::1 at Mon Jan 15 2024 18:11:31 GMT-0300 (hora de verano de Chile)
  Parameters in body: {}
Completed: 500 message:  Time response: 5 ms Request ID: [60af6102-7544-4f8d-97db-3fe7e99891fa]

Started GET /posts for :: ::1 at Mon Jan 15 2024 18:11:35 GMT-0300 (hora de verano de Chile)
  Parameters in body: {}
Completed: 304 message:  Time response: 67 ms Request ID: [f4c66c5a-8eae-4f37-8503-712b94f15531]

Started GET /posts for :: ::1 at Mon Jan 15 2024 18:11:35 GMT-0300 (hora de verano de Chile)
  Parameters in body: {}
Completed: 304 message:  Time response: 6 ms Request ID: [bae98486-9695-435e-bfca-bdffa931b59f]

Started PUT /posts/like/1 for :: ::1 at Mon Jan 15 2024 18:11:36 GMT-0300 (hora de verano de Chile)
  Parameters in body: {}
Completed: 500 message:  Time response: 5 ms Request ID: [89f6de97-dc10-45ec-90b3-7bbe5d414e3d]

Started GET /posts for :: ::1 at Mon Jan 15 2024 18:11:54 GMT-0300 (hora de verano de Chile)
  Parameters in body: {}
Completed: 304 message:  Time response: 67 ms Request ID: [8a804480-fa93-45c8-8c2f-fa969bb501fa]

Started GET /posts for :: ::1 at Mon Jan 15 2024 18:11:54 GMT-0300 (hora de verano de Chile)
  Parameters in body: {}
Completed: 304 message:  Time response: 4 ms Request ID: [a79bfc8e-2017-40de-9797-7a8af7214c5e]

Started PUT /posts/like/1 for :: ::1 at Mon Jan 15 2024 18:11:58 GMT-0300 (hora de verano de Chile)
  Parameters in body: {}
Completed: 500 message:  Time response: 7 ms Request ID: [2d55959d-0a2f-4cbf-9516-ca3a4b156110]

Started GET /posts for :: ::1 at Mon Jan 15 2024 18:20:57 GMT-0300 (hora de verano de Chile)
  Parameters in body: {}
Completed: 304 message:  Time response: 44 ms Request ID: [1bd8fd14-556b-4c52-86b1-2ca64f8eb8ac]

Started GET /posts for :: ::1 at Mon Jan 15 2024 18:21:01 GMT-0300 (hora de verano de Chile)
  Parameters in body: {}
Completed: 304 message:  Time response: 4 ms Request ID: [fb90c591-84a6-46c4-bc8d-8c4a73c89780]

Started GET /posts for :: ::1 at Mon Jan 15 2024 18:21:25 GMT-0300 (hora de verano de Chile)
  Parameters in body: {}
Completed: 304 message:  Time response: 149 ms Request ID: [77516d1e-cb4e-46b7-8484-528108c17089]

Started GET /posts for :: ::1 at Mon Jan 15 2024 18:21:30 GMT-0300 (hora de verano de Chile)
  Parameters in body: {}
Completed: 304 message:  Time response: 2 ms Request ID: [b5b64997-21ed-4cd9-9697-499fe12c6106]

Started GET /posts for :: ::1 at Mon Jan 15 2024 18:21:37 GMT-0300 (hora de verano de Chile)
  Parameters in body: {}
Completed: 304 message:  Time response: 3 ms Request ID: [d3c5cd35-a523-4148-8bc7-7740a032e4b8]

Started GET /posts for :: ::1 at Mon Jan 15 2024 18:21:40 GMT-0300 (hora de verano de Chile)
  Parameters in body: {}
Completed: 304 message:  Time response: 3 ms Request ID: [edef3340-b931-4fda-9680-d756b36ba101]

Started GET /posts for :: ::1 at Mon Jan 15 2024 18:28:41 GMT-0300 (hora de verano de Chile)
  Parameters in body: {}
Completed: 304 message:  Time response: 67 ms Request ID: [29cbe220-9fc8-41a2-bec8-59d51e87a381]

Started GET /posts for :: ::1 at Mon Jan 15 2024 18:29:42 GMT-0300 (hora de verano de Chile)
  Parameters in body: {}
Completed: 304 message:  Time response: 82 ms Request ID: [dd0182dd-9d47-4a78-b575-2e56dbb08be8]

Started GET /posts for :: ::1 at Mon Jan 15 2024 18:29:42 GMT-0300 (hora de verano de Chile)
  Parameters in body: {}
Completed: 304 message:  Time response: 5 ms Request ID: [cd814948-d409-4c23-92be-f53c59bc617c]

Started PUT /posts/like/1 for :: ::1 at Mon Jan 15 2024 18:29:45 GMT-0300 (hora de verano de Chile)
  Parameters in body: {}
Completed: 500 message:  Time response: 17 ms Request ID: [4e04960d-3d0b-4cbc-9234-8753c26e0123]

Started GET /posts for :: ::1 at Mon Jan 15 2024 18:30:53 GMT-0300 (hora de verano de Chile)
  Parameters in body: {}
Completed: 304 message:  Time response: 84 ms Request ID: [505e2f23-fa2e-4078-9ea1-a4619800dc33]

Started GET /posts for :: ::1 at Mon Jan 15 2024 18:30:53 GMT-0300 (hora de verano de Chile)
  Parameters in body: {}
Completed: 304 message:  Time response: 5 ms Request ID: [a3fde8f9-a3c3-4f3d-a135-fbfc45d72194]

Started PUT /posts/like/1 for :: ::1 at Mon Jan 15 2024 18:31:00 GMT-0300 (hora de verano de Chile)
  Parameters in body: {}
Completed: 500 message:  Time response: 10 ms Request ID: [3c7b2c5c-4cee-430d-bae3-59506f6db26a]

Started GET /posts for :: ::1 at Mon Jan 15 2024 18:31:50 GMT-0300 (hora de verano de Chile)
  Parameters in body: {}
Completed: 304 message:  Time response: 85 ms Request ID: [0b71a8ca-b80b-46d4-8dee-6c769ff8be5e]

Started GET /posts for :: ::1 at Mon Jan 15 2024 18:31:50 GMT-0300 (hora de verano de Chile)
  Parameters in body: {}
Completed: 304 message:  Time response: 4 ms Request ID: [2fcb8ea2-f776-40ad-ad26-407fe767acec]

Started PUT /posts/like/1 for :: ::1 at Mon Jan 15 2024 18:31:52 GMT-0300 (hora de verano de Chile)
  Parameters in body: {}
Completed: 200 message:  Time response: 13 ms Request ID: [3c3d503d-a9b5-4c8d-abe6-69c10913e190]

Started PUT /posts/like/1 for :: ::1 at Mon Jan 15 2024 18:31:56 GMT-0300 (hora de verano de Chile)
  Parameters in body: {}
Completed: 200 message:  Time response: 6 ms Request ID: [80cef1aa-2d7c-4c50-b2ed-38100ca859b6]

Started PUT /posts/like/1 for :: ::1 at Mon Jan 15 2024 18:31:58 GMT-0300 (hora de verano de Chile)
  Parameters in body: {}
Completed: 200 message:  Time response: 4 ms Request ID: [86c37e37-d325-4632-b765-05d90aabe93d]

Started PUT /posts/like/1 for :: ::1 at Mon Jan 15 2024 18:31:59 GMT-0300 (hora de verano de Chile)
  Parameters in body: {}
Completed: 200 message:  Time response: 6 ms Request ID: [89851812-0c10-4755-8933-22f2cc69037e]

Started GET /posts for :: ::1 at Mon Jan 15 2024 18:32:14 GMT-0300 (hora de verano de Chile)
  Parameters in body: {}
Completed: 304 message:  Time response: 82 ms Request ID: [d4df5d95-cb70-4c48-8194-c88c286e2552]

Started GET /posts for :: ::1 at Mon Jan 15 2024 18:32:14 GMT-0300 (hora de verano de Chile)
  Parameters in body: {}
Completed: 304 message:  Time response: 4 ms Request ID: [e2f72422-1d76-4b16-913f-65388829d73a]

Started PUT /posts/like/1 for :: ::1 at Mon Jan 15 2024 18:32:15 GMT-0300 (hora de verano de Chile)
  Parameters in body: {}
Completed: 200 message:  Time response: 6 ms Request ID: [fdeb56e6-7e9e-47cc-890e-19e5b6b9aaee]

Started PUT /posts/like/1 for :: ::1 at Mon Jan 15 2024 18:32:16 GMT-0300 (hora de verano de Chile)
  Parameters in body: {}
Completed: 200 message:  Time response: 6 ms Request ID: [8f5b8850-bae0-495b-8f94-d2fe8eb9b0e3]

Started GET /posts for :: ::1 at Mon Jan 15 2024 18:32:17 GMT-0300 (hora de verano de Chile)
  Parameters in body: {}
Completed: 304 message:  Time response: 4 ms Request ID: [5cba5e65-fd61-4984-a872-6e58a3859b8f]

Started GET /posts for :: ::1 at Mon Jan 15 2024 18:32:17 GMT-0300 (hora de verano de Chile)
  Parameters in body: {}
Completed: 304 message:  Time response: 11 ms Request ID: [8cf62017-a417-444a-9714-c48c5fb040c0]

Started GET /posts for :: ::1 at Mon Jan 15 2024 18:32:18 GMT-0300 (hora de verano de Chile)
  Parameters in body: {}
Completed: 304 message:  Time response: 5 ms Request ID: [47e262f9-79d0-402d-acba-01e9a7958aef]

Started GET /posts for :: ::1 at Mon Jan 15 2024 18:32:18 GMT-0300 (hora de verano de Chile)
  Parameters in body: {}
Completed: 304 message:  Time response: 7 ms Request ID: [07e02caa-a781-431e-8136-c588238eada3]

Started PUT /posts/like/14 for :: ::1 at Mon Jan 15 2024 18:32:21 GMT-0300 (hora de verano de Chile)
  Parameters in body: {}
Completed: 200 message:  Time response: 4 ms Request ID: [216d64b3-c72e-4f73-8067-447faa6e44c7]

Started PUT /posts/like/14 for :: ::1 at Mon Jan 15 2024 18:32:22 GMT-0300 (hora de verano de Chile)
  Parameters in body: {}
Completed: 200 message:  Time response: 5 ms Request ID: [3f49137e-76c4-4e09-9d0d-65cdfcde65c2]

Started PUT /posts/like/14 for :: ::1 at Mon Jan 15 2024 18:32:22 GMT-0300 (hora de verano de Chile)
  Parameters in body: {}
Completed: 200 message:  Time response: 5 ms Request ID: [d8177991-829f-471b-80fc-d3af1dd1f9f9]

Started GET /posts for :: ::1 at Mon Jan 15 2024 18:32:24 GMT-0300 (hora de verano de Chile)
  Parameters in body: {}
Completed: 304 message:  Time response: 5 ms Request ID: [1b18734e-83e8-4d16-827a-8a61d2e44d6c]

Started GET /posts for :: ::1 at Mon Jan 15 2024 18:32:24 GMT-0300 (hora de verano de Chile)
  Parameters in body: {}
Completed: 304 message:  Time response: 6 ms Request ID: [b3177fb1-d375-4798-9e38-dd1705d25299]

Started GET /posts for :: ::1 at Mon Jan 15 2024 18:37:47 GMT-0300 (hora de verano de Chile)
  Parameters in body: {}
Completed: 304 message:  Time response: 71 ms Request ID: [82d1b6df-ec9b-4fd2-bcd9-e0e9b4acb0ab]

Started GET /posts for :: ::1 at Mon Jan 15 2024 18:37:47 GMT-0300 (hora de verano de Chile)
  Parameters in body: {}
Completed: 304 message:  Time response: 4 ms Request ID: [30edc3cc-aab5-491e-87ab-cb5f9b2d1ac0]

Started PUT /posts/like/1 for :: ::1 at Mon Jan 15 2024 18:37:48 GMT-0300 (hora de verano de Chile)
  Parameters in body: {}
Completed: 200 message:  Time response: 11 ms Request ID: [15e56c14-084d-4d67-9aa2-08d9ac5a1a4b]

Started GET /posts for :: ::1 at Mon Jan 15 2024 18:37:50 GMT-0300 (hora de verano de Chile)
  Parameters in body: {}
Completed: 200 message:  Time response: 3 ms Request ID: [4b345479-b148-4f35-82e7-972b95fc1877]

Started GET /posts for :: ::1 at Mon Jan 15 2024 18:37:50 GMT-0300 (hora de verano de Chile)
  Parameters in body: {}
Completed: 304 message:  Time response: 5 ms Request ID: [243fca1f-f9f3-454e-a72e-d4a1e85574ff]

Started GET /posts for :: ::1 at Mon Jan 15 2024 18:37:51 GMT-0300 (hora de verano de Chile)
  Parameters in body: {}
Completed: 304 message:  Time response: 8 ms Request ID: [531dc8c7-81b0-4f7d-9183-764e8aa35f3a]

Started GET /posts for :: ::1 at Mon Jan 15 2024 18:37:51 GMT-0300 (hora de verano de Chile)
  Parameters in body: {}
Completed: 304 message:  Time response: 6 ms Request ID: [3bc3060f-1c5c-4a9f-a4bf-5dd0186b4879]

Started PUT /posts/like/24 for :: ::1 at Mon Jan 15 2024 18:38:00 GMT-0300 (hora de verano de Chile)
  Parameters in body: {}
Completed: 200 message:  Time response: 55 ms Request ID: [b4d6a012-c3bf-4ac6-94f5-1592f28b09ab]

Started PUT /posts/like/24 for :: ::1 at Mon Jan 15 2024 18:38:00 GMT-0300 (hora de verano de Chile)
  Parameters in body: {}
Completed: 200 message:  Time response: 54 ms Request ID: [cf44705a-ca1d-464f-bc2d-abd437f36fca]

Started PUT /posts/like/24 for :: ::1 at Mon Jan 15 2024 18:38:01 GMT-0300 (hora de verano de Chile)
  Parameters in body: {}
Completed: 200 message:  Time response: 55 ms Request ID: [e57de6ad-9d5d-49ed-843f-2085602f2466]

Started GET /posts for :: ::1 at Mon Jan 15 2024 18:38:02 GMT-0300 (hora de verano de Chile)
  Parameters in body: {}
Completed: 200 message:  Time response: 10 ms Request ID: [65019b95-da8f-48b4-a139-03b797b7e62d]

Started GET /posts for :: ::1 at Mon Jan 15 2024 18:38:02 GMT-0300 (hora de verano de Chile)
  Parameters in body: {}
Completed: 304 message:  Time response: 6 ms Request ID: [6751cf12-bc02-4463-b4f5-75dcd4792a23]

Started GET /posts for :: ::1 at Mon Jan 15 2024 18:39:47 GMT-0300 (hora de verano de Chile)
  Parameters in body: {}
Completed: 304 message:  Time response: 71 ms Request ID: [1bc099a9-64ad-47d2-9a39-f0563c583c37]

Started GET /posts for :: ::1 at Mon Jan 15 2024 18:39:47 GMT-0300 (hora de verano de Chile)
  Parameters in body: {}
Completed: 304 message:  Time response: 3 ms Request ID: [be2553f9-3c52-472f-aacd-43e1b2cbc1b8]

Started PUT /posts/like/1 for :: ::1 at Mon Jan 15 2024 18:39:48 GMT-0300 (hora de verano de Chile)
  Parameters in body: {}
Completed: 200 message:  Time response: 8 ms Request ID: [88856af6-83fd-4786-a3de-65a84487a2dc]

Started PUT /posts/like/1 for :: ::1 at Mon Jan 15 2024 18:39:48 GMT-0300 (hora de verano de Chile)
  Parameters in body: {}
Completed: 200 message:  Time response: 52 ms Request ID: [9bcb3c35-579a-4152-aab3-f65982cd462b]

Started GET /posts for :: ::1 at Mon Jan 15 2024 18:39:51 GMT-0300 (hora de verano de Chile)
  Parameters in body: {}
Completed: 200 message:  Time response: 5 ms Request ID: [34f5ef1f-1810-4a27-a58f-ccafaa8cc384]

Started GET /posts for :: ::1 at Mon Jan 15 2024 18:39:51 GMT-0300 (hora de verano de Chile)
  Parameters in body: {}
Completed: 304 message:  Time response: 6 ms Request ID: [93bcea40-cbdb-4951-b3b0-aff3023c48c2]

Started GET /posts for :: ::1 at Mon Jan 15 2024 18:40:14 GMT-0300 (hora de verano de Chile)
  Parameters in body: {}
Completed: 304 message:  Time response: 45 ms Request ID: [376231b7-b73b-496e-93ff-63f8201ba511]

Started GET /posts for :: ::1 at Mon Jan 15 2024 18:40:20 GMT-0300 (hora de verano de Chile)
  Parameters in body: {}
Completed: 304 message:  Time response: 3 ms Request ID: [e542b2ed-922c-4fc9-a701-fa8cd75635cc]

Started GET /posts for :: ::1 at Mon Jan 15 2024 18:40:23 GMT-0300 (hora de verano de Chile)
  Parameters in body: {}
Completed: 304 message:  Time response: 4 ms Request ID: [d688e778-a17a-4444-a9c9-37bcc939f986]

Started GET /posts for :: ::1 at Mon Jan 15 2024 18:40:23 GMT-0300 (hora de verano de Chile)
  Parameters in body: {}
Completed: 304 message:  Time response: 4 ms Request ID: [1169f47e-1cc6-42f4-b8a6-276fe7d1e245]

Started PUT /posts/like/1 for :: ::1 at Mon Jan 15 2024 18:40:24 GMT-0300 (hora de verano de Chile)
  Parameters in body: {}
Completed: 200 message:  Time response: 6 ms Request ID: [fb7a481c-8547-4085-9b4f-6a407c2390f8]

Started PUT /posts/like/1 for :: ::1 at Mon Jan 15 2024 18:40:25 GMT-0300 (hora de verano de Chile)
  Parameters in body: {}
Completed: 200 message:  Time response: 51 ms Request ID: [8cfacc95-1b04-4215-9e22-9fee33ccdd26]

Started PUT /posts/like/1 for :: ::1 at Mon Jan 15 2024 18:40:25 GMT-0300 (hora de verano de Chile)
  Parameters in body: {}
Completed: 200 message:  Time response: 5 ms Request ID: [75b8a05f-7835-4e9e-b7d4-01206fc62568]

Started GET /posts for :: ::1 at Mon Jan 15 2024 18:40:27 GMT-0300 (hora de verano de Chile)
  Parameters in body: {}
Completed: 200 message:  Time response: 3 ms Request ID: [e74cddd4-70ec-492a-b972-d5e5c953aa9e]

Started GET /posts for :: ::1 at Mon Jan 15 2024 18:40:27 GMT-0300 (hora de verano de Chile)
  Parameters in body: {}
Completed: 304 message:  Time response: 4 ms Request ID: [d070801b-ed63-47f1-b4de-f8594f163502]

Started PUT /posts/like/19 for :: ::1 at Mon Jan 15 2024 18:40:30 GMT-0300 (hora de verano de Chile)
  Parameters in body: {}
Completed: 200 message:  Time response: 5 ms Request ID: [f8f20420-085e-4463-838e-85db3caf9cd8]

Started PUT /posts/like/19 for :: ::1 at Mon Jan 15 2024 18:40:31 GMT-0300 (hora de verano de Chile)
  Parameters in body: {}
Completed: 200 message:  Time response: 55 ms Request ID: [4bf9dc69-72a8-46b7-b575-b0adcddbecfd]

Started PUT /posts/like/19 for :: ::1 at Mon Jan 15 2024 18:40:31 GMT-0300 (hora de verano de Chile)
  Parameters in body: {}
Completed: 200 message:  Time response: 55 ms Request ID: [5bbbce4f-24a5-4259-91c9-a114464485cb]

Started PUT /posts/like/19 for :: ::1 at Mon Jan 15 2024 18:40:31 GMT-0300 (hora de verano de Chile)
  Parameters in body: {}
Completed: 200 message:  Time response: 57 ms Request ID: [cc21ab88-254d-48f9-868e-4eafd166df89]

Started PUT /posts/like/19 for :: ::1 at Mon Jan 15 2024 18:40:31 GMT-0300 (hora de verano de Chile)
  Parameters in body: {}
Completed: 200 message:  Time response: 55 ms Request ID: [b28dc1cd-64f9-4f63-b45b-843a5615c71b]

Started GET /posts for :: ::1 at Mon Jan 15 2024 18:40:33 GMT-0300 (hora de verano de Chile)
  Parameters in body: {}
Completed: 200 message:  Time response: 19 ms Request ID: [978963f4-9970-4329-a819-362c85afb2d6]

Started GET /posts for :: ::1 at Mon Jan 15 2024 18:40:33 GMT-0300 (hora de verano de Chile)
  Parameters in body: {}
Completed: 304 message:  Time response: 6 ms Request ID: [7b15a0f4-832f-4ce1-b738-20006dfe3109]

Started GET /posts for :: ::1 at Mon Jan 15 2024 18:40:40 GMT-0300 (hora de verano de Chile)
  Parameters in body: {}
Completed: 304 message:  Time response: 5 ms Request ID: [b32a590d-6151-4f40-a093-0035888212bc]

Started GET /posts for :: ::1 at Mon Jan 15 2024 18:40:43 GMT-0300 (hora de verano de Chile)
  Parameters in body: {}
Completed: 304 message:  Time response: 2 ms Request ID: [2472971b-7ec0-46c1-addb-14804924c2ab]

Started GET /posts for :: ::1 at Mon Jan 15 2024 18:40:46 GMT-0300 (hora de verano de Chile)
  Parameters in body: {}
Completed: 304 message:  Time response: 2 ms Request ID: [ac93050b-98c9-4d3f-8608-76fd16119b79]

Started GET /posts for :: ::1 at Mon Jan 15 2024 18:40:47 GMT-0300 (hora de verano de Chile)
  Parameters in body: {}
Completed: 304 message:  Time response: 2 ms Request ID: [48ee10d2-45ae-4d5b-8479-d7740250f2cf]

Started GET /posts for :: ::1 at Mon Jan 15 2024 18:40:53 GMT-0300 (hora de verano de Chile)
  Parameters in body: {}
Completed: 304 message:  Time response: 3 ms Request ID: [bf5d95c9-3869-4f4c-8215-cf4690c1e2a3]

Started GET /posts for :: ::1 at Mon Jan 15 2024 18:40:57 GMT-0300 (hora de verano de Chile)
  Parameters in body: {}
Completed: 304 message:  Time response: 3 ms Request ID: [81aa45bf-7cae-4181-9eb1-3ea4b047ff39]

Started GET /posts for :: ::1 at Mon Jan 15 2024 18:40:57 GMT-0300 (hora de verano de Chile)
  Parameters in body: {}
Completed: 304 message:  Time response: 2 ms Request ID: [17d968c2-ef0e-45d2-8024-8d10ea7c01dc]

Started GET /posts for :: ::1 at Mon Jan 15 2024 18:41:02 GMT-0300 (hora de verano de Chile)
  Parameters in body: {}
Completed: 304 message:  Time response: 4 ms Request ID: [d6e21389-129e-49bb-bc34-f004d399deb4]

Started GET /posts for :: ::1 at Mon Jan 15 2024 18:41:02 GMT-0300 (hora de verano de Chile)
  Parameters in body: {}
Completed: 304 message:  Time response: 3 ms Request ID: [4a279f2a-b9cd-43be-b5be-1237dfb5df0c]

Started GET /posts for :: ::1 at Mon Jan 15 2024 18:41:16 GMT-0300 (hora de verano de Chile)
  Parameters in body: {}
Completed: 304 message:  Time response: 85 ms Request ID: [e7c870c2-c66d-415a-86de-2e8ccbb11125]

Started GET /posts for :: ::1 at Mon Jan 15 2024 18:41:16 GMT-0300 (hora de verano de Chile)
  Parameters in body: {}
Completed: 304 message:  Time response: 3 ms Request ID: [19f70489-0b9b-4e09-a236-9bbaaafb7739]

Started GET /posts for :: ::1 at Mon Jan 15 2024 18:41:17 GMT-0300 (hora de verano de Chile)
  Parameters in body: {}
Completed: 304 message:  Time response: 4 ms Request ID: [a95d5205-4e34-49db-a626-d0c185c7b457]

Started GET /posts for :: ::1 at Mon Jan 15 2024 18:41:17 GMT-0300 (hora de verano de Chile)
  Parameters in body: {}
Completed: 304 message:  Time response: 4 ms Request ID: [b30c3b23-66af-4eb1-8be4-0cf0a3e5a667]

Started GET /posts for :: ::1 at Mon Jan 15 2024 18:42:39 GMT-0300 (hora de verano de Chile)
  Parameters in body: {}
Completed: 304 message:  Time response: 63 ms Request ID: [1af34f40-67bc-4b84-be08-3b9fd9b8196e]

Started GET /posts for :: ::1 at Mon Jan 15 2024 18:42:39 GMT-0300 (hora de verano de Chile)
  Parameters in body: {}
Completed: 304 message:  Time response: 8 ms Request ID: [71df0946-55c9-4dcc-9d14-d4c112db7bae]
